build/outputs/logs/manifest-merger-debug-report.txt
-- Merging decision tree log ---
manifest
ADDED from CloudShanDongSetting\AndroidManifest.xml:2:1-389:12
	xmlns:android
		ADDED from CloudShanDongSetting\AndroidManifest.xml:2:11-69
	package
		ADDED from CloudShanDongSetting\AndroidManifest.xml:3:5-44
	android:versionName
		ADDED from CloudShanDongSetting\AndroidManifest.xml:5:5-30
	android:versionCode
		ADDED from CloudShanDongSetting\AndroidManifest.xml:4:5-28
		INJECTED from CloudShanDongSetting\AndroidManifest.xml
		INJECTED from CloudShanDongSetting\AndroidManifest.xml
uses-sdk
ADDED from CloudShanDongSetting\AndroidManifest.xml:7:5-9:41
MERGED from [com.android.support:support-v4:21.0.3] AndroidManifest.xml:15:5-42
	android:targetSdkVersion
		ADDED from CloudShanDongSetting\AndroidManifest.xml:9:9-38
	android:minSdkVersion
		ADDED from CloudShanDongSetting\AndroidManifest.xml:8:9-34
uses-permission#android.permission.WRITE_EXTERNAL_STORAGE
ADDED from CloudShanDongSetting\AndroidManifest.xml:11:5-81
	android:name
		ADDED from CloudShanDongSetting\AndroidManifest.xml:11:22-78
uses-permission#android.permission.READ_EXTERNAL_STORAGE
ADDED from CloudShanDongSetting\AndroidManifest.xml:12:5-80
	android:name
		ADDED from CloudShanDongSetting\AndroidManifest.xml:12:22-77
uses-permission#android.permission.WRITE_SETTINGS
ADDED from CloudShanDongSetting\AndroidManifest.xml:13:5-73
	android:name
		ADDED from CloudShanDongSetting\AndroidManifest.xml:13:22-70
uses-permission#android.permission.MOUNT_UNMOUNT_FILESYSTEMS
ADDED from CloudShanDongSetting\AndroidManifest.xml:14:5-84
	android:name
		ADDED from CloudShanDongSetting\AndroidManifest.xml:14:22-81
uses-permission#android.permission.INTERNET
ADDED from CloudShanDongSetting\AndroidManifest.xml:15:5-67
	android:name
		ADDED from CloudShanDongSetting\AndroidManifest.xml:15:22-64
uses-permission#android.permission.ACCESS_NETWORK_STATE
ADDED from CloudShanDongSetting\AndroidManifest.xml:16:5-79
	android:name
		ADDED from CloudShanDongSetting\AndroidManifest.xml:16:22-76
uses-permission#android.permission.BLUETOOTH
ADDED from CloudShanDongSetting\AndroidManifest.xml:17:5-68
	android:name
		ADDED from CloudShanDongSetting\AndroidManifest.xml:17:22-65
uses-permission#android.permission.BLUETOOTH_ADMIN
ADDED from CloudShanDongSetting\AndroidManifest.xml:18:5-74
	android:name
		ADDED from CloudShanDongSetting\AndroidManifest.xml:18:22-71
uses-permission#android.permission.RECEIVE_BOOT_COMPLETED
ADDED from CloudShanDongSetting\AndroidManifest.xml:19:5-81
	android:name
		ADDED from CloudShanDongSetting\AndroidManifest.xml:19:22-78
uses-permission#android.permission.ACCESS_WIFI_STATE
ADDED from CloudShanDongSetting\AndroidManifest.xml:20:5-76
	android:name
		ADDED from CloudShanDongSetting\AndroidManifest.xml:20:22-73
uses-permission#android.permission.CHANGE_WIFI_STATE
ADDED from CloudShanDongSetting\AndroidManifest.xml:21:5-76
	android:name
		ADDED from CloudShanDongSetting\AndroidManifest.xml:21:22-73
uses-permission#android.permission.BROADCAST_STICKY
ADDED from CloudShanDongSetting\AndroidManifest.xml:22:5-75
	android:name
		ADDED from CloudShanDongSetting\AndroidManifest.xml:22:22-72
uses-permission#android.permission.CHANGE_NETWORK_STATE
ADDED from CloudShanDongSetting\AndroidManifest.xml:23:5-79
	android:name
		ADDED from CloudShanDongSetting\AndroidManifest.xml:23:22-76
uses-permission#android.permission.MASTER_CLEAR
ADDED from CloudShanDongSetting\AndroidManifest.xml:27:5-71
	android:name
		ADDED from CloudShanDongSetting\AndroidManifest.xml:27:22-68
uses-permission#android.permission.SYSTEM_ALERT_WINDOW
ADDED from CloudShanDongSetting\AndroidManifest.xml:28:5-78
	android:name
		ADDED from CloudShanDongSetting\AndroidManifest.xml:28:22-75
uses-permission#android.permission.WRITE_SECURE_SETTINGS
ADDED from CloudShanDongSetting\AndroidManifest.xml:29:5-79
	android:name
		ADDED from CloudShanDongSetting\AndroidManifest.xml:29:22-77
uses-permission#android.permission.DEVICE_POWER
ADDED from CloudShanDongSetting\AndroidManifest.xml:30:5-71
	android:name
		ADDED from CloudShanDongSetting\AndroidManifest.xml:30:22-68
uses-permission#android.permission.CHANGE_CONFIGURATION
ADDED from CloudShanDongSetting\AndroidManifest.xml:31:5-79
	android:name
		ADDED from CloudShanDongSetting\AndroidManifest.xml:31:22-76
uses-permission#android.permission.SET_TIME_ZONE
ADDED from CloudShanDongSetting\AndroidManifest.xml:32:5-71
	android:name
		ADDED from CloudShanDongSetting\AndroidManifest.xml:32:22-69
uses-permission#android.permission.GET_TASKS
ADDED from CloudShanDongSetting\AndroidManifest.xml:33:5-67
	android:name
		ADDED from CloudShanDongSetting\AndroidManifest.xml:33:22-65
application
ADDED from CloudShanDongSetting\AndroidManifest.xml:35:5-387:19
MERGED from [com.android.support:support-v4:21.0.3] AndroidManifest.xml:16:5-19
	android:label
		ADDED from CloudShanDongSetting\AndroidManifest.xml:39:9-41
	android:allowBackup
		ADDED from CloudShanDongSetting\AndroidManifest.xml:37:9-35
	android:icon
		ADDED from CloudShanDongSetting\AndroidManifest.xml:38:9-45
	android:theme
		ADDED from CloudShanDongSetting\AndroidManifest.xml:40:9-67
	android:name
		ADDED from CloudShanDongSetting\AndroidManifest.xml:36:9-44
uses-library#AmlogicPPPoE
ADDED from CloudShanDongSetting\AndroidManifest.xml:42:6-44:24
	android:name
		ADDED from CloudShanDongSetting\AndroidManifest.xml:43:10-37
activity#com.shandong.cloudtv.settings.ModeSettingActivity
ADDED from CloudShanDongSetting\AndroidManifest.xml:45:9-52:20
	android:theme
		ADDED from CloudShanDongSetting\AndroidManifest.xml:47:13-83
	android:name
		ADDED from CloudShanDongSetting\AndroidManifest.xml:46:13-48
intent-filter#android.intent.action.MAIN
ADDED from CloudShanDongSetting\AndroidManifest.xml:49:13-51:29
action#android.intent.action.MAIN
ADDED from CloudShanDongSetting\AndroidManifest.xml:50:17-69
	android:name
		ADDED from CloudShanDongSetting\AndroidManifest.xml:50:25-66
activity#com.shandong.cloudtv.settings.TimezoneActivity
ADDED from CloudShanDongSetting\AndroidManifest.xml:54:9-60:20
	android:label
		ADDED from CloudShanDongSetting\AndroidManifest.xml:56:13-60
	android:name
		ADDED from CloudShanDongSetting\AndroidManifest.xml:55:13-45
activity#com.shandong.cloudtv.settings.SettingActivity
ADDED from CloudShanDongSetting\AndroidManifest.xml:63:9-73:20
	android:label
		ADDED from CloudShanDongSetting\AndroidManifest.xml:65:13-45
	android:name
		ADDED from CloudShanDongSetting\AndroidManifest.xml:64:13-44
	android:launchMode
		ADDED from CloudShanDongSetting\AndroidManifest.xml:66:13-43
intent-filter#android.intent.action.MAIN+android.intent.category.DEFAULT+android.intent.category.LAUNCHER
ADDED from CloudShanDongSetting\AndroidManifest.xml:67:13-72:29
category#android.intent.category.LAUNCHER
ADDED from CloudShanDongSetting\AndroidManifest.xml:70:17-77
	android:name
		ADDED from CloudShanDongSetting\AndroidManifest.xml:70:27-74
category#android.intent.category.DEFAULT
ADDED from CloudShanDongSetting\AndroidManifest.xml:71:17-76
	android:name
		ADDED from CloudShanDongSetting\AndroidManifest.xml:71:27-73
activity#com.shandong.cloudtv.settings.DeviceinfoActivity
ADDED from CloudShanDongSetting\AndroidManifest.xml:74:9-80:20
	android:label
		ADDED from CloudShanDongSetting\AndroidManifest.xml:76:13-62
	android:name
		ADDED from CloudShanDongSetting\AndroidManifest.xml:75:13-47
intent-filter#android.intent.action.Actionname
ADDED from CloudShanDongSetting\AndroidManifest.xml:77:13-79:29
action#android.intent.action.Actionname
ADDED from CloudShanDongSetting\AndroidManifest.xml:78:17-75
	android:name
		ADDED from CloudShanDongSetting\AndroidManifest.xml:78:25-72
activity#com.shandong.cloudtv.settings.AddWifiActivity
ADDED from CloudShanDongSetting\AndroidManifest.xml:81:9-88:20
	android:label
		ADDED from CloudShanDongSetting\AndroidManifest.xml:83:13-60
	android:theme
		ADDED from CloudShanDongSetting\AndroidManifest.xml:84:13-43
	android:name
		ADDED from CloudShanDongSetting\AndroidManifest.xml:82:13-44
intent-filter#android.intent.action.ACTIONTASK
ADDED from CloudShanDongSetting\AndroidManifest.xml:85:13-87:29
action#android.intent.action.ACTIONTASK
ADDED from CloudShanDongSetting\AndroidManifest.xml:86:17-75
	android:name
		ADDED from CloudShanDongSetting\AndroidManifest.xml:86:25-72
activity#com.shandong.cloudtv.settings.CommonActivity
ADDED from CloudShanDongSetting\AndroidManifest.xml:89:9-95:20
	android:label
		ADDED from CloudShanDongSetting\AndroidManifest.xml:91:13-58
	android:name
		ADDED from CloudShanDongSetting\AndroidManifest.xml:90:13-43
activity#com.shandong.cloudtv.settings.ThreeDimenActivity
ADDED from CloudShanDongSetting\AndroidManifest.xml:96:9-102:20
	android:label
		ADDED from CloudShanDongSetting\AndroidManifest.xml:98:13-63
	android:name
		ADDED from CloudShanDongSetting\AndroidManifest.xml:97:13-47
activity#com.shandong.cloudtv.settings.DevloperModelActivity
ADDED from CloudShanDongSetting\AndroidManifest.xml:103:9-109:20
	android:label
		ADDED from CloudShanDongSetting\AndroidManifest.xml:105:13-66
	android:name
		ADDED from CloudShanDongSetting\AndroidManifest.xml:104:13-50
activity#com.shandong.cloudtv.settings.VersionCheckActivity
ADDED from CloudShanDongSetting\AndroidManifest.xml:110:9-116:20
	android:label
		ADDED from CloudShanDongSetting\AndroidManifest.xml:112:13-65
	android:name
		ADDED from CloudShanDongSetting\AndroidManifest.xml:111:13-49
activity#com.shandong.cloudtv.settings.UpdateActivity
ADDED from CloudShanDongSetting\AndroidManifest.xml:117:9-123:20
	android:label
		ADDED from CloudShanDongSetting\AndroidManifest.xml:119:13-58
	android:name
		ADDED from CloudShanDongSetting\AndroidManifest.xml:118:13-43
activity#com.shandong.cloudtv.settings.BlueToothActivity
ADDED from CloudShanDongSetting\AndroidManifest.xml:124:9-127:20
	android:label
		ADDED from CloudShanDongSetting\AndroidManifest.xml:126:13-62
	android:name
		ADDED from CloudShanDongSetting\AndroidManifest.xml:125:13-46
activity#com.shandong.cloudtv.settings.FeedbackProblemActivity
ADDED from CloudShanDongSetting\AndroidManifest.xml:128:9-135:20
	android:label
		ADDED from CloudShanDongSetting\AndroidManifest.xml:130:13-68
	android:theme
		ADDED from CloudShanDongSetting\AndroidManifest.xml:131:13-61
	android:name
		ADDED from CloudShanDongSetting\AndroidManifest.xml:129:13-52
activity#com.shandong.cloudtv.settings.OtherSettingActivity
ADDED from CloudShanDongSetting\AndroidManifest.xml:136:9-142:20
	android:label
		ADDED from CloudShanDongSetting\AndroidManifest.xml:138:13-65
	android:name
		ADDED from CloudShanDongSetting\AndroidManifest.xml:137:13-49
activity#com.shandong.cloudtv.settings.NetworkSettingsActivity
ADDED from CloudShanDongSetting\AndroidManifest.xml:144:9-151:20
	android:name
		ADDED from CloudShanDongSetting\AndroidManifest.xml:144:19-87
	android:launchMode
		ADDED from CloudShanDongSetting\AndroidManifest.xml:145:13-44
intent-filter#android.intent.action.MAIN+android.intent.category.DEFAULT
ADDED from CloudShanDongSetting\AndroidManifest.xml:146:13-150:29
activity#com.shandong.cloudtv.settings.TestActivity
ADDED from CloudShanDongSetting\AndroidManifest.xml:152:9-160:20
	android:label
		ADDED from CloudShanDongSetting\AndroidManifest.xml:154:13-45
	android:name
		ADDED from CloudShanDongSetting\AndroidManifest.xml:153:13-41
activity#com.shandong.cloudtv.settings.ManualAddWifiAcvitity
ADDED from CloudShanDongSetting\AndroidManifest.xml:161:9-167:20
	android:name
		ADDED from CloudShanDongSetting\AndroidManifest.xml:161:19-56
activity#com.shandong.cloudtv.settings.PppoeConnectActivity
ADDED from CloudShanDongSetting\AndroidManifest.xml:168:9-174:20
	android:name
		ADDED from CloudShanDongSetting\AndroidManifest.xml:168:19-55
activity#com.shandong.cloudtv.settings.WifiShareActivity
ADDED from CloudShanDongSetting\AndroidManifest.xml:175:9-181:20
	android:name
		ADDED from CloudShanDongSetting\AndroidManifest.xml:175:19-52
activity#com.shandong.cloudtv.settings.EthernetConnectedAcivity
ADDED from CloudShanDongSetting\AndroidManifest.xml:182:9-191:20
	android:windowSoftInputMode
		ADDED from CloudShanDongSetting\AndroidManifest.xml:185:13-52
	android:name
		ADDED from CloudShanDongSetting\AndroidManifest.xml:183:13-53
	android:launchMode
		ADDED from CloudShanDongSetting\AndroidManifest.xml:184:13-44
activity#com.shandong.cloudtv.settings.EthernetDisconnectedActivity
ADDED from CloudShanDongSetting\AndroidManifest.xml:192:9-199:20
	android:name
		ADDED from CloudShanDongSetting\AndroidManifest.xml:192:19-63
	android:launchMode
		ADDED from CloudShanDongSetting\AndroidManifest.xml:193:13-44
activity#com.shandong.cloudtv.settings.EthernetModifyActivity
ADDED from CloudShanDongSetting\AndroidManifest.xml:200:9-208:20
	android:windowSoftInputMode
		ADDED from CloudShanDongSetting\AndroidManifest.xml:202:13-52
	android:name
		ADDED from CloudShanDongSetting\AndroidManifest.xml:201:13-51
activity#com.shandong.cloudtv.settings.WifiConnectActivity
ADDED from CloudShanDongSetting\AndroidManifest.xml:209:9-217:20
	android:windowSoftInputMode
		ADDED from CloudShanDongSetting\AndroidManifest.xml:211:13-52
	android:name
		ADDED from CloudShanDongSetting\AndroidManifest.xml:210:13-48
activity#com.shandong.cloudtv.settings.WifiModifyActivity
ADDED from CloudShanDongSetting\AndroidManifest.xml:218:9-226:20
	android:windowSoftInputMode
		ADDED from CloudShanDongSetting\AndroidManifest.xml:220:13-52
	android:name
		ADDED from CloudShanDongSetting\AndroidManifest.xml:219:13-47
activity#com.shandong.cloudtv.settings.TestSpeedActivity
ADDED from CloudShanDongSetting\AndroidManifest.xml:227:9-234:20
	android:name
		ADDED from CloudShanDongSetting\AndroidManifest.xml:227:19-52
	android:launchMode
		ADDED from CloudShanDongSetting\AndroidManifest.xml:228:13-44
activity#com.shandong.cloudtv.settings.TestSpeedNewActivity
ADDED from CloudShanDongSetting\AndroidManifest.xml:235:9-242:20
	android:name
		ADDED from CloudShanDongSetting\AndroidManifest.xml:235:19-55
	android:launchMode
		ADDED from CloudShanDongSetting\AndroidManifest.xml:236:13-44
activity#com.shandong.cloudtv.settings.WifiDisconnectedActivity
ADDED from CloudShanDongSetting\AndroidManifest.xml:243:9-249:20
	android:name
		ADDED from CloudShanDongSetting\AndroidManifest.xml:243:19-59
activity#com.shandong.cloudtv.settings.CheckNetworkActivity
ADDED from CloudShanDongSetting\AndroidManifest.xml:250:9-256:20
	android:name
		ADDED from CloudShanDongSetting\AndroidManifest.xml:250:19-84
service#com.shandong.cloudtv.settings.download.DownloadService
ADDED from CloudShanDongSetting\AndroidManifest.xml:258:9-61
	android:name
		ADDED from CloudShanDongSetting\AndroidManifest.xml:258:18-58
service#com.shandong.cloudtv.settings.ModeSettingService
ADDED from CloudShanDongSetting\AndroidManifest.xml:260:9-264:19
	android:name
		ADDED from CloudShanDongSetting\AndroidManifest.xml:260:18-52
intent-filter#com.hiveview.cloudtv.settings.ModeSettingService
ADDED from CloudShanDongSetting\AndroidManifest.xml:261:13-263:29
action#com.hiveview.cloudtv.settings.ModeSettingService
ADDED from CloudShanDongSetting\AndroidManifest.xml:262:17-90
	android:name
		ADDED from CloudShanDongSetting\AndroidManifest.xml:262:25-88
receiver#com.shandong.cloudtv.settings.BootCompletedReceiverAML
ADDED from CloudShanDongSetting\AndroidManifest.xml:266:9-274:20
	android:permission
		ADDED from CloudShanDongSetting\AndroidManifest.xml:268:13-75
	android:name
		ADDED from CloudShanDongSetting\AndroidManifest.xml:267:13-53
intent-filter#android.intent.action.BOOT_COMPLETED+android.net.conn.CONNECTIVITY_CHANGE+android.net.pppoe.PPPOE_STATE_CHANGED
ADDED from CloudShanDongSetting\AndroidManifest.xml:269:13-273:29
action#android.intent.action.BOOT_COMPLETED
ADDED from CloudShanDongSetting\AndroidManifest.xml:270:17-79
	android:name
		ADDED from CloudShanDongSetting\AndroidManifest.xml:270:25-76
action#android.net.conn.CONNECTIVITY_CHANGE
ADDED from CloudShanDongSetting\AndroidManifest.xml:271:17-79
	android:name
		ADDED from CloudShanDongSetting\AndroidManifest.xml:271:25-76
action#android.net.pppoe.PPPOE_STATE_CHANGED
ADDED from CloudShanDongSetting\AndroidManifest.xml:272:17-80
	android:name
		ADDED from CloudShanDongSetting\AndroidManifest.xml:272:25-77
receiver#com.shandong.cloudtv.settings.BootCompletedReceiver
ADDED from CloudShanDongSetting\AndroidManifest.xml:275:9-283:20
	android:permission
		ADDED from CloudShanDongSetting\AndroidManifest.xml:277:13-75
	android:name
		ADDED from CloudShanDongSetting\AndroidManifest.xml:276:13-50
intent-filter#android.intent.action.BOOT_COMPLETED+com.hiveview.cloudtv.MODE_TO_SETTING+com.hiveview.cloudtv.yiqibangfjf
ADDED from CloudShanDongSetting\AndroidManifest.xml:278:13-282:29
	android:priority
		ADDED from CloudShanDongSetting\AndroidManifest.xml:278:28-51
action#com.hiveview.cloudtv.yiqibangfjf
ADDED from CloudShanDongSetting\AndroidManifest.xml:280:17-74
	android:name
		ADDED from CloudShanDongSetting\AndroidManifest.xml:280:25-72
action#com.hiveview.cloudtv.MODE_TO_SETTING
ADDED from CloudShanDongSetting\AndroidManifest.xml:281:17-78
	android:name
		ADDED from CloudShanDongSetting\AndroidManifest.xml:281:25-76
receiver#com.shandong.cloudtv.settings.BootCompletedProfilesSettings
ADDED from CloudShanDongSetting\AndroidManifest.xml:284:9-289:20
	android:name
		ADDED from CloudShanDongSetting\AndroidManifest.xml:284:19-64
intent-filter#android.bluetooth.adapter.action.STATE_CHANGED+android.intent.action.BOOT_COMPLETED
ADDED from CloudShanDongSetting\AndroidManifest.xml:285:13-288:29
action#android.bluetooth.adapter.action.STATE_CHANGED
ADDED from CloudShanDongSetting\AndroidManifest.xml:287:17-88
	android:name
		ADDED from CloudShanDongSetting\AndroidManifest.xml:287:25-86
receiver#com.shandong.cloudtv.settings.receiver.NetStateReceiver
ADDED from CloudShanDongSetting\AndroidManifest.xml:291:9-300:20
	android:name
		ADDED from CloudShanDongSetting\AndroidManifest.xml:292:13-83
intent-filter#android.net..ethernet.ETH_STATE_CHANGED+android.net.conn.CONNECTIVITY_CHANGE+android.net.pppoe.PPPOE_STATE_CHANGED+android.net.wifi.STATE_CHANGE+com.hiveview.pingswanserver.notifiy
ADDED from CloudShanDongSetting\AndroidManifest.xml:293:13-299:29
action#android.net..ethernet.ETH_STATE_CHANGED
ADDED from CloudShanDongSetting\AndroidManifest.xml:295:17-81
	android:name
		ADDED from CloudShanDongSetting\AndroidManifest.xml:295:25-79
action#android.net.wifi.STATE_CHANGE
ADDED from CloudShanDongSetting\AndroidManifest.xml:296:17-71
	android:name
		ADDED from CloudShanDongSetting\AndroidManifest.xml:296:25-69
action#com.hiveview.pingswanserver.notifiy
ADDED from CloudShanDongSetting\AndroidManifest.xml:298:17-77
	android:name
		ADDED from CloudShanDongSetting\AndroidManifest.xml:298:25-75
activity#com.shandong.cloudtv.settings.ProfilesSettingsActivity
ADDED from CloudShanDongSetting\AndroidManifest.xml:303:9-313:20
	android:label
		ADDED from CloudShanDongSetting\AndroidManifest.xml:305:13-45
	android:theme
		ADDED from CloudShanDongSetting\AndroidManifest.xml:307:13-71
	android:name
		ADDED from CloudShanDongSetting\AndroidManifest.xml:304:13-53
	android:launchMode
		ADDED from CloudShanDongSetting\AndroidManifest.xml:306:13-44
activity#com.shandong.cloudtv.settings.LocationSettingsActivity
ADDED from CloudShanDongSetting\AndroidManifest.xml:314:9-322:20
	android:label
		ADDED from CloudShanDongSetting\AndroidManifest.xml:316:13-45
	android:theme
		ADDED from CloudShanDongSetting\AndroidManifest.xml:318:13-71
	android:name
		ADDED from CloudShanDongSetting\AndroidManifest.xml:315:13-53
	android:launchMode
		ADDED from CloudShanDongSetting\AndroidManifest.xml:317:13-44
activity#com.shandong.cloudtv.settings.BluetoothPairActivity
ADDED from CloudShanDongSetting\AndroidManifest.xml:326:9-335:20
	android:label
		ADDED from CloudShanDongSetting\AndroidManifest.xml:328:13-66
	android:theme
		ADDED from CloudShanDongSetting\AndroidManifest.xml:329:13-56
	android:name
		ADDED from CloudShanDongSetting\AndroidManifest.xml:327:13-50
intent-filter#android.bluetooth.device.action.PAIRING_REQUEST+android.intent.category.DEFAULT
ADDED from CloudShanDongSetting\AndroidManifest.xml:330:13-334:29
action#android.bluetooth.device.action.PAIRING_REQUEST
ADDED from CloudShanDongSetting\AndroidManifest.xml:331:17-90
	android:name
		ADDED from CloudShanDongSetting\AndroidManifest.xml:331:25-87
receiver#com.shandong.cloudtv.settings.bluetooth.BluetoothPairingRequest
ADDED from CloudShanDongSetting\AndroidManifest.xml:337:9-343:20
	android:name
		ADDED from CloudShanDongSetting\AndroidManifest.xml:337:19-68
intent-filter#android.bluetooth.device.action.BOND_STATE_CHANGED+android.bluetooth.device.action.PAIRING_CANCEL+android.bluetooth.device.action.PAIRING_REQUEST
ADDED from CloudShanDongSetting\AndroidManifest.xml:338:13-342:29
action#android.bluetooth.device.action.PAIRING_CANCEL
ADDED from CloudShanDongSetting\AndroidManifest.xml:340:17-89
	android:name
		ADDED from CloudShanDongSetting\AndroidManifest.xml:340:25-86
action#android.bluetooth.device.action.BOND_STATE_CHANGED
ADDED from CloudShanDongSetting\AndroidManifest.xml:341:17-93
	android:name
		ADDED from CloudShanDongSetting\AndroidManifest.xml:341:25-90
receiver#com.shandong.cloudtv.settings.receiver.TurningOffReceiver
ADDED from CloudShanDongSetting\AndroidManifest.xml:345:9-349:20
	android:name
		ADDED from CloudShanDongSetting\AndroidManifest.xml:345:19-62
intent-filter#com.hiveview.cloudtv.yiqibang.turningoff
ADDED from CloudShanDongSetting\AndroidManifest.xml:346:13-348:29
action#com.hiveview.cloudtv.yiqibang.turningoff
ADDED from CloudShanDongSetting\AndroidManifest.xml:347:17-83
	android:name
		ADDED from CloudShanDongSetting\AndroidManifest.xml:347:25-80
activity#com.shandong.cloudtv.settings.ImageActivity
ADDED from CloudShanDongSetting\AndroidManifest.xml:351:9-354:20
	android:label
		ADDED from CloudShanDongSetting\AndroidManifest.xml:353:13-57
	android:name
		ADDED from CloudShanDongSetting\AndroidManifest.xml:352:13-42
activity#com.shandong.cloudtv.settings.TurningOffActivity
ADDED from CloudShanDongSetting\AndroidManifest.xml:355:9-362:20
	android:label
		ADDED from CloudShanDongSetting\AndroidManifest.xml:357:13-63
	android:theme
		ADDED from CloudShanDongSetting\AndroidManifest.xml:358:13-83
	android:name
		ADDED from CloudShanDongSetting\AndroidManifest.xml:356:13-47
intent-filter#com.hiveview.cloudtv.turningoff
ADDED from CloudShanDongSetting\AndroidManifest.xml:359:13-361:29
action#com.hiveview.cloudtv.turningoff
ADDED from CloudShanDongSetting\AndroidManifest.xml:360:17-74
	android:name
		ADDED from CloudShanDongSetting\AndroidManifest.xml:360:25-71
activity#com.shandong.cloudtv.settings.SettingCode
ADDED from CloudShanDongSetting\AndroidManifest.xml:363:9-372:20
	android:label
		ADDED from CloudShanDongSetting\AndroidManifest.xml:365:13-63
	android:theme
		ADDED from CloudShanDongSetting\AndroidManifest.xml:366:14-84
	android:name
		ADDED from CloudShanDongSetting\AndroidManifest.xml:364:13-40
intent-filter#android.intent.action.MAIN+android.intent.category.DEFAULT+mycategory
ADDED from CloudShanDongSetting\AndroidManifest.xml:367:13-371:29
category#mycategory
ADDED from CloudShanDongSetting\AndroidManifest.xml:370:17-55
	android:name
		ADDED from CloudShanDongSetting\AndroidManifest.xml:370:27-52
activity#com.shandong.cloudtv.settings.ModifyCode
ADDED from CloudShanDongSetting\AndroidManifest.xml:374:9-381:20
	android:label
		ADDED from CloudShanDongSetting\AndroidManifest.xml:376:13-62
	android:theme
		ADDED from CloudShanDongSetting\AndroidManifest.xml:377:13-83
	android:name
		ADDED from CloudShanDongSetting\AndroidManifest.xml:375:13-39
activity#com.shandong.cloudtv.settings.ControlActivity
ADDED from CloudShanDongSetting\AndroidManifest.xml:382:10-386:20
	android:label
		ADDED from CloudShanDongSetting\AndroidManifest.xml:384:13-59
	android:theme
		ADDED from CloudShanDongSetting\AndroidManifest.xml:385:13-83
	android:name
		ADDED from CloudShanDongSetting\AndroidManifest.xml:383:13-44